[INFO] Scanning for projects...
[INFO] 
[INFO] ---------------------< com.acadschedule:scheduler >---------------------
[INFO] Building scheduler 0.0.1-SNAPSHOT
[INFO]   from pom.xml
[INFO] --------------------------------[ jar ]---------------------------------
[INFO] 
[INFO] >>> spring-boot:3.5.10:run (default-cli) > test-compile @ scheduler >>>
[INFO] 
[INFO] --- resources:3.3.1:resources (default-resources) @ scheduler ---
[INFO] Copying 1 resource from src\main\resources to target\classes
[INFO] Copying 2 resources from src\main\resources to target\classes
[INFO] 
[INFO] --- compiler:3.14.1:compile (default-compile) @ scheduler ---
[INFO] Recompiling the module because of changed source code.
[INFO] Compiling 28 source files with javac [debug parameters release 17] to target\classes
[INFO] 
[INFO] --- resources:3.3.1:testResources (default-testResources) @ scheduler ---
[INFO] skip non existing resourceDirectory C:\Users\acer\Desktop\see2\Automated-Timetable-Scheduling-and-Faculty-Workload-Optimization-System\backend\scheduler\src\test\resources
[INFO] 
[INFO] --- compiler:3.14.1:testCompile (default-testCompile) @ scheduler ---
[INFO] Recompiling the module because of changed dependency.
[INFO] Compiling 1 source file with javac [debug parameters release 17] to target\test-classes
[INFO] 
[INFO] <<< spring-boot:3.5.10:run (default-cli) < test-compile @ scheduler <<<
[INFO] 
[INFO] 
[INFO] --- spring-boot:3.5.10:run (default-cli) @ scheduler ---
[INFO] Attaching agents: []

  .   ____          _            __ _ _
 /\\ / ___'_ __ _ _(_)_ __  __ _ \ \ \ \
( ( )\___ | '_ | '_| | '_ \/ _` | \ \ \ \
 \\/  ___)| |_)| | | | | || (_| |  ) ) ) )
  '  |____| .__|_| |_|_| |_\__, | / / / /
 =========|_|==============|___/=/_/_/_/

 :: Spring Boot ::               (v3.5.10)

2026-02-04T01:04:17.348+05:30  INFO 12488 --- [scheduler] [           main] c.a.scheduler.SchedulerApplication       : Starting SchedulerApplication using Java 21.0.1 with PID 12488 (C:\Users\acer\Desktop\see2\Automated-Timetable-Scheduling-and-Faculty-Workload-Optimization-System\backend\scheduler\target\classes started by acer in C:\Users\acer\Desktop\see2\Automated-Timetable-Scheduling-and-Faculty-Workload-Optimization-System\backend\scheduler)
2026-02-04T01:04:17.350+05:30  INFO 12488 --- [scheduler] [           main] c.a.scheduler.SchedulerApplication       : No active profile set, falling back to 1 default profile: "default"
2026-02-04T01:04:17.857+05:30  INFO 12488 --- [scheduler] [           main] .s.d.r.c.RepositoryConfigurationDelegate : Bootstrapping Spring Data JPA repositories in DEFAULT mode.
2026-02-04T01:04:17.907+05:30  INFO 12488 --- [scheduler] [           main] .s.d.r.c.RepositoryConfigurationDelegate : Finished Spring Data repository scanning in 43 ms. Found 6 JPA repository interfaces.
2026-02-04T01:04:18.356+05:30  INFO 12488 --- [scheduler] [           main] o.s.b.w.embedded.tomcat.TomcatWebServer  : Tomcat initialized with port 8082 (http)
2026-02-04T01:04:18.368+05:30  INFO 12488 --- [scheduler] [           main] o.apache.catalina.core.StandardService   : Starting service [Tomcat]
2026-02-04T01:04:18.368+05:30  INFO 12488 --- [scheduler] [           main] o.apache.catalina.core.StandardEngine    : Starting Servlet engine: [Apache Tomcat/10.1.50]
2026-02-04T01:04:18.410+05:30  INFO 12488 --- [scheduler] [           main] o.a.c.c.C.[Tomcat].[localhost].[/]       : Initializing Spring embedded WebApplicationContext
2026-02-04T01:04:18.411+05:30  INFO 12488 --- [scheduler] [           main] w.s.c.ServletWebServerApplicationContext : Root WebApplicationContext: initialization completed in 1031 ms
2026-02-04T01:04:18.541+05:30  INFO 12488 --- [scheduler] [           main] o.hibernate.jpa.internal.util.LogHelper  : HHH000204: Processing PersistenceUnitInfo [name: default]
2026-02-04T01:04:18.579+05:30  INFO 12488 --- [scheduler] [           main] org.hibernate.Version                    : HHH000412: Hibernate ORM core version 6.6.41.Final
2026-02-04T01:04:18.605+05:30  INFO 12488 --- [scheduler] [           main] o.h.c.internal.RegionFactoryInitiator    : HHH000026: Second-level cache disabled
2026-02-04T01:04:18.829+05:30  INFO 12488 --- [scheduler] [           main] o.s.o.j.p.SpringPersistenceUnitInfo      : No LoadTimeWeaver setup: ignoring JPA class transformer
2026-02-04T01:04:18.856+05:30  INFO 12488 --- [scheduler] [           main] com.zaxxer.hikari.HikariDataSource       : HikariPool-1 - Starting...
2026-02-04T01:04:19.283+05:30  INFO 12488 --- [scheduler] [           main] com.zaxxer.hikari.pool.HikariPool        : HikariPool-1 - Added connection org.postgresql.jdbc.PgConnection@2c9cafa5
2026-02-04T01:04:19.284+05:30  INFO 12488 --- [scheduler] [           main] com.zaxxer.hikari.HikariDataSource       : HikariPool-1 - Start completed.
2026-02-04T01:04:19.319+05:30  WARN 12488 --- [scheduler] [           main] org.hibernate.orm.deprecation            : HHH90000025: PostgreSQLDialect does not need to be specified explicitly using 'hibernate.dialect' (remove the property setting and it will be selected by default)
2026-02-04T01:04:19.338+05:30  INFO 12488 --- [scheduler] [           main] org.hibernate.orm.connections.pooling    : HHH10001005: Database info:
	Database JDBC URL [Connecting through datasource 'HikariDataSource (HikariPool-1)']
	Database driver: undefined/unknown
	Database version: 18.1
	Autocommit mode: undefined/unknown
	Isolation level: undefined/unknown
	Minimum pool size: undefined/unknown
	Maximum pool size: undefined/unknown
2026-02-04T01:04:20.133+05:30  INFO 12488 --- [scheduler] [           main] o.h.e.t.j.p.i.JtaPlatformInitiator       : HHH000489: No JTA platform available (set 'hibernate.transaction.jta.platform' to enable JTA platform integration)
Hibernate: alter table if exists faculty_eligible_subjects add constraint FK8f009hyfvp330lmdor10q0use foreign key (faculty_id) references faculty
2026-02-04T01:04:20.239+05:30  WARN 12488 --- [scheduler] [           main] o.h.t.s.i.ExceptionHandlerLoggedImpl     : GenerationTarget encountered exception accepting command : Error executing DDL "alter table if exists faculty_eligible_subjects add constraint FK8f009hyfvp330lmdor10q0use foreign key (faculty_id) references faculty" via JDBC [ERROR: insert or update on table "faculty_eligible_subjects" violates foreign key constraint "fk8f009hyfvp330lmdor10q0use"
  Detail: Key (faculty_id)=(3) is not present in table "faculty".]

org.hibernate.tool.schema.spi.CommandAcceptanceException: Error executing DDL "alter table if exists faculty_eligible_subjects add constraint FK8f009hyfvp330lmdor10q0use foreign key (faculty_id) references faculty" via JDBC [ERROR: insert or update on table "faculty_eligible_subjects" violates foreign key constraint "fk8f009hyfvp330lmdor10q0use"
  Detail: Key (faculty_id)=(3) is not present in table "faculty".]
	at org.hibernate.tool.schema.internal.exec.GenerationTargetToDatabase.accept(GenerationTargetToDatabase.java:94) ~[hibernate-core-6.6.41.Final.jar:6.6.41.Final]
	at org.hibernate.tool.schema.internal.AbstractSchemaMigrator.applySqlString(AbstractSchemaMigrator.java:576) ~[hibernate-core-6.6.41.Final.jar:6.6.41.Final]
	at org.hibernate.tool.schema.internal.AbstractSchemaMigrator.applySqlStrings(AbstractSchemaMigrator.java:516) ~[hibernate-core-6.6.41.Final.jar:6.6.41.Final]
	at org.hibernate.tool.schema.internal.AbstractSchemaMigrator.applyForeignKeys(AbstractSchemaMigrator.java:448) ~[hibernate-core-6.6.41.Final.jar:6.6.41.Final]
	at org.hibernate.tool.schema.internal.AbstractSchemaMigrator.performMigration(AbstractSchemaMigrator.java:269) ~[hibernate-core-6.6.41.Final.jar:6.6.41.Final]
	at org.hibernate.tool.schema.internal.AbstractSchemaMigrator.doMigration(AbstractSchemaMigrator.java:112) ~[hibernate-core-6.6.41.Final.jar:6.6.41.Final]
	at org.hibernate.tool.schema.spi.SchemaManagementToolCoordinator.performDatabaseAction(SchemaManagementToolCoordinator.java:280) ~[hibernate-core-6.6.41.Final.jar:6.6.41.Final]
	at org.hibernate.tool.schema.spi.SchemaManagementToolCoordinator.lambda$process$5(SchemaManagementToolCoordinator.java:144) ~[hibernate-core-6.6.41.Final.jar:6.6.41.Final]
	at java.base/java.util.HashMap.forEach(HashMap.java:1429) ~[na:na]
	at org.hibernate.tool.schema.spi.SchemaManagementToolCoordinator.process(SchemaManagementToolCoordinator.java:141) ~[hibernate-core-6.6.41.Final.jar:6.6.41.Final]
	at org.hibernate.boot.internal.SessionFactoryObserverForSchemaExport.sessionFactoryCreated(SessionFactoryObserverForSchemaExport.java:37) ~[hibernate-core-6.6.41.Final.jar:6.6.41.Final]
	at org.hibernate.internal.SessionFactoryObserverChain.sessionFactoryCreated(SessionFactoryObserverChain.java:35) ~[hibernate-core-6.6.41.Final.jar:6.6.41.Final]
	at org.hibernate.internal.SessionFactoryImpl.<init>(SessionFactoryImpl.java:324) ~[hibernate-core-6.6.41.Final.jar:6.6.41.Final]
	at org.hibernate.boot.internal.SessionFactoryBuilderImpl.build(SessionFactoryBuilderImpl.java:463) ~[hibernate-core-6.6.41.Final.jar:6.6.41.Final]
	at org.hibernate.jpa.boot.internal.EntityManagerFactoryBuilderImpl.build(EntityManagerFactoryBuilderImpl.java:1517) ~[hibernate-core-6.6.41.Final.jar:6.6.41.Final]
	at org.springframework.orm.jpa.vendor.SpringHibernateJpaPersistenceProvider.createContainerEntityManagerFactory(SpringHibernateJpaPersistenceProvider.java:66) ~[spring-orm-6.2.15.jar:6.2.15]
	at org.springframework.orm.jpa.LocalContainerEntityManagerFactoryBean.createNativeEntityManagerFactory(LocalContainerEntityManagerFactoryBean.java:390) ~[spring-orm-6.2.15.jar:6.2.15]
	at org.springframework.orm.jpa.AbstractEntityManagerFactoryBean.buildNativeEntityManagerFactory(AbstractEntityManagerFactoryBean.java:419) ~[spring-orm-6.2.15.jar:6.2.15]
	at org.springframework.orm.jpa.AbstractEntityManagerFactoryBean.afterPropertiesSet(AbstractEntityManagerFactoryBean.java:400) ~[spring-orm-6.2.15.jar:6.2.15]
	at org.springframework.orm.jpa.LocalContainerEntityManagerFactoryBean.afterPropertiesSet(LocalContainerEntityManagerFactoryBean.java:366) ~[spring-orm-6.2.15.jar:6.2.15]
	at org.springframework.beans.factory.support.AbstractAutowireCapableBeanFactory.invokeInitMethods(AbstractAutowireCapableBeanFactory.java:1873) ~[spring-beans-6.2.15.jar:6.2.15]
	at org.springframework.beans.factory.support.AbstractAutowireCapableBeanFactory.initializeBean(AbstractAutowireCapableBeanFactory.java:1822) ~[spring-beans-6.2.15.jar:6.2.15]
	at org.springframework.beans.factory.support.AbstractAutowireCapableBeanFactory.doCreateBean(AbstractAutowireCapableBeanFactory.java:607) ~[spring-beans-6.2.15.jar:6.2.15]
	at org.springframework.beans.factory.support.AbstractAutowireCapableBeanFactory.createBean(AbstractAutowireCapableBeanFactory.java:529) ~[spring-beans-6.2.15.jar:6.2.15]
	at org.springframework.beans.factory.support.AbstractBeanFactory.lambda$doGetBean$0(AbstractBeanFactory.java:339) ~[spring-beans-6.2.15.jar:6.2.15]
	at org.springframework.beans.factory.support.DefaultSingletonBeanRegistry.getSingleton(DefaultSingletonBeanRegistry.java:373) ~[spring-beans-6.2.15.jar:6.2.15]
	at org.springframework.beans.factory.support.AbstractBeanFactory.doGetBean(AbstractBeanFactory.java:337) ~[spring-beans-6.2.15.jar:6.2.15]
	at org.springframework.beans.factory.support.AbstractBeanFactory.getBean(AbstractBeanFactory.java:207) ~[spring-beans-6.2.15.jar:6.2.15]
	at org.springframework.context.support.AbstractApplicationContext.finishBeanFactoryInitialization(AbstractApplicationContext.java:973) ~[spring-context-6.2.15.jar:6.2.15]
	at org.springframework.context.support.AbstractApplicationContext.refresh(AbstractApplicationContext.java:627) ~[spring-context-6.2.15.jar:6.2.15]
	at org.springframework.boot.web.servlet.context.ServletWebServerApplicationContext.refresh(ServletWebServerApplicationContext.java:146) ~[spring-boot-3.5.10.jar:3.5.10]
	at org.springframework.boot.SpringApplication.refresh(SpringApplication.java:752) ~[spring-boot-3.5.10.jar:3.5.10]
	at org.springframework.boot.SpringApplication.refreshContext(SpringApplication.java:439) ~[spring-boot-3.5.10.jar:3.5.10]
	at org.springframework.boot.SpringApplication.run(SpringApplication.java:318) ~[spring-boot-3.5.10.jar:3.5.10]
	at org.springframework.boot.SpringApplication.run(SpringApplication.java:1361) ~[spring-boot-3.5.10.jar:3.5.10]
	at org.springframework.boot.SpringApplication.run(SpringApplication.java:1350) ~[spring-boot-3.5.10.jar:3.5.10]
	at com.acadschedule.scheduler.SchedulerApplication.main(SchedulerApplication.java:15) ~[classes/:na]
Caused by: org.postgresql.util.PSQLException: ERROR: insert or update on table "faculty_eligible_subjects" violates foreign key constraint "fk8f009hyfvp330lmdor10q0use"
  Detail: Key (faculty_id)=(3) is not present in table "faculty".
	at org.postgresql.core.v3.QueryExecutorImpl.receiveErrorResponse(QueryExecutorImpl.java:2846) ~[postgresql-42.7.9.jar:42.7.9]
	at org.postgresql.core.v3.QueryExecutorImpl.processResults(QueryExecutorImpl.java:2531) ~[postgresql-42.7.9.jar:42.7.9]
	at org.postgresql.core.v3.QueryExecutorImpl.execute(QueryExecutorImpl.java:429) ~[postgresql-42.7.9.jar:42.7.9]
	at org.postgresql.jdbc.PgStatement.executeInternal(PgStatement.java:526) ~[postgresql-42.7.9.jar:42.7.9]
	at org.postgresql.jdbc.PgStatement.execute(PgStatement.java:436) ~[postgresql-42.7.9.jar:42.7.9]
	at org.postgresql.jdbc.PgStatement.executeWithFlags(PgStatement.java:358) ~[postgresql-42.7.9.jar:42.7.9]
	at org.postgresql.jdbc.PgStatement.executeCachedSql(PgStatement.java:343) ~[postgresql-42.7.9.jar:42.7.9]
	at org.postgresql.jdbc.PgStatement.executeWithFlags(PgStatement.java:319) ~[postgresql-42.7.9.jar:42.7.9]
	at org.postgresql.jdbc.PgStatement.execute(PgStatement.java:314) ~[postgresql-42.7.9.jar:42.7.9]
	at com.zaxxer.hikari.pool.ProxyStatement.execute(ProxyStatement.java:95) ~[HikariCP-6.3.3.jar:na]
	at com.zaxxer.hikari.pool.HikariProxyStatement.execute(HikariProxyStatement.java) ~[HikariCP-6.3.3.jar:na]
	at org.hibernate.tool.schema.internal.exec.GenerationTargetToDatabase.accept(GenerationTargetToDatabase.java:80) ~[hibernate-core-6.6.41.Final.jar:6.6.41.Final]
	... 36 common frames omitted

Hibernate: alter table if exists faculty_qualifications add constraint FK3nov2n8m5xhhnclps6smcayrd foreign key (faculty_id) references faculty
2026-02-04T01:04:20.251+05:30  WARN 12488 --- [scheduler] [           main] o.h.t.s.i.ExceptionHandlerLoggedImpl     : GenerationTarget encountered exception accepting command : Error executing DDL "alter table if exists faculty_qualifications add constraint FK3nov2n8m5xhhnclps6smcayrd foreign key (faculty_id) references faculty" via JDBC [ERROR: insert or update on table "faculty_qualifications" violates foreign key constraint "fk3nov2n8m5xhhnclps6smcayrd"
  Detail: Key (faculty_id)=(3) is not present in table "faculty".]

org.hibernate.tool.schema.spi.CommandAcceptanceException: Error executing DDL "alter table if exists faculty_qualifications add constraint FK3nov2n8m5xhhnclps6smcayrd foreign key (faculty_id) references faculty" via JDBC [ERROR: insert or update on table "faculty_qualifications" violates foreign key constraint "fk3nov2n8m5xhhnclps6smcayrd"
  Detail: Key (faculty_id)=(3) is not present in table "faculty".]
	at org.hibernate.tool.schema.internal.exec.GenerationTargetToDatabase.accept(GenerationTargetToDatabase.java:94) ~[hibernate-core-6.6.41.Final.jar:6.6.41.Final]
	at org.hibernate.tool.schema.internal.AbstractSchemaMigrator.applySqlString(AbstractSchemaMigrator.java:576) ~[hibernate-core-6.6.41.Final.jar:6.6.41.Final]
	at org.hibernate.tool.schema.internal.AbstractSchemaMigrator.applySqlStrings(AbstractSchemaMigrator.java:516) ~[hibernate-core-6.6.41.Final.jar:6.6.41.Final]
	at org.hibernate.tool.schema.internal.AbstractSchemaMigrator.applyForeignKeys(AbstractSchemaMigrator.java:448) ~[hibernate-core-6.6.41.Final.jar:6.6.41.Final]
	at org.hibernate.tool.schema.internal.AbstractSchemaMigrator.performMigration(AbstractSchemaMigrator.java:269) ~[hibernate-core-6.6.41.Final.jar:6.6.41.Final]
	at org.hibernate.tool.schema.internal.AbstractSchemaMigrator.doMigration(AbstractSchemaMigrator.java:112) ~[hibernate-core-6.6.41.Final.jar:6.6.41.Final]
	at org.hibernate.tool.schema.spi.SchemaManagementToolCoordinator.performDatabaseAction(SchemaManagementToolCoordinator.java:280) ~[hibernate-core-6.6.41.Final.jar:6.6.41.Final]
	at org.hibernate.tool.schema.spi.SchemaManagementToolCoordinator.lambda$process$5(SchemaManagementToolCoordinator.java:144) ~[hibernate-core-6.6.41.Final.jar:6.6.41.Final]
	at java.base/java.util.HashMap.forEach(HashMap.java:1429) ~[na:na]
	at org.hibernate.tool.schema.spi.SchemaManagementToolCoordinator.process(SchemaManagementToolCoordinator.java:141) ~[hibernate-core-6.6.41.Final.jar:6.6.41.Final]
	at org.hibernate.boot.internal.SessionFactoryObserverForSchemaExport.sessionFactoryCreated(SessionFactoryObserverForSchemaExport.java:37) ~[hibernate-core-6.6.41.Final.jar:6.6.41.Final]
	at org.hibernate.internal.SessionFactoryObserverChain.sessionFactoryCreated(SessionFactoryObserverChain.java:35) ~[hibernate-core-6.6.41.Final.jar:6.6.41.Final]
	at org.hibernate.internal.SessionFactoryImpl.<init>(SessionFactoryImpl.java:324) ~[hibernate-core-6.6.41.Final.jar:6.6.41.Final]
	at org.hibernate.boot.internal.SessionFactoryBuilderImpl.build(SessionFactoryBuilderImpl.java:463) ~[hibernate-core-6.6.41.Final.jar:6.6.41.Final]
	at org.hibernate.jpa.boot.internal.EntityManagerFactoryBuilderImpl.build(EntityManagerFactoryBuilderImpl.java:1517) ~[hibernate-core-6.6.41.Final.jar:6.6.41.Final]
	at org.springframework.orm.jpa.vendor.SpringHibernateJpaPersistenceProvider.createContainerEntityManagerFactory(SpringHibernateJpaPersistenceProvider.java:66) ~[spring-orm-6.2.15.jar:6.2.15]
	at org.springframework.orm.jpa.LocalContainerEntityManagerFactoryBean.createNativeEntityManagerFactory(LocalContainerEntityManagerFactoryBean.java:390) ~[spring-orm-6.2.15.jar:6.2.15]
	at org.springframework.orm.jpa.AbstractEntityManagerFactoryBean.buildNativeEntityManagerFactory(AbstractEntityManagerFactoryBean.java:419) ~[spring-orm-6.2.15.jar:6.2.15]
	at org.springframework.orm.jpa.AbstractEntityManagerFactoryBean.afterPropertiesSet(AbstractEntityManagerFactoryBean.java:400) ~[spring-orm-6.2.15.jar:6.2.15]
	at org.springframework.orm.jpa.LocalContainerEntityManagerFactoryBean.afterPropertiesSet(LocalContainerEntityManagerFactoryBean.java:366) ~[spring-orm-6.2.15.jar:6.2.15]
	at org.springframework.beans.factory.support.AbstractAutowireCapableBeanFactory.invokeInitMethods(AbstractAutowireCapableBeanFactory.java:1873) ~[spring-beans-6.2.15.jar:6.2.15]
	at org.springframework.beans.factory.support.AbstractAutowireCapableBeanFactory.initializeBean(AbstractAutowireCapableBeanFactory.java:1822) ~[spring-beans-6.2.15.jar:6.2.15]
	at org.springframework.beans.factory.support.AbstractAutowireCapableBeanFactory.doCreateBean(AbstractAutowireCapableBeanFactory.java:607) ~[spring-beans-6.2.15.jar:6.2.15]
	at org.springframework.beans.factory.support.AbstractAutowireCapableBeanFactory.createBean(AbstractAutowireCapableBeanFactory.java:529) ~[spring-beans-6.2.15.jar:6.2.15]
	at org.springframework.beans.factory.support.AbstractBeanFactory.lambda$doGetBean$0(AbstractBeanFactory.java:339) ~[spring-beans-6.2.15.jar:6.2.15]
	at org.springframework.beans.factory.support.DefaultSingletonBeanRegistry.getSingleton(DefaultSingletonBeanRegistry.java:373) ~[spring-beans-6.2.15.jar:6.2.15]
	at org.springframework.beans.factory.support.AbstractBeanFactory.doGetBean(AbstractBeanFactory.java:337) ~[spring-beans-6.2.15.jar:6.2.15]
	at org.springframework.beans.factory.support.AbstractBeanFactory.getBean(AbstractBeanFactory.java:207) ~[spring-beans-6.2.15.jar:6.2.15]
	at org.springframework.context.support.AbstractApplicationContext.finishBeanFactoryInitialization(AbstractApplicationContext.java:973) ~[spring-context-6.2.15.jar:6.2.15]
	at org.springframework.context.support.AbstractApplicationContext.refresh(AbstractApplicationContext.java:627) ~[spring-context-6.2.15.jar:6.2.15]
	at org.springframework.boot.web.servlet.context.ServletWebServerApplicationContext.refresh(ServletWebServerApplicationContext.java:146) ~[spring-boot-3.5.10.jar:3.5.10]
	at org.springframework.boot.SpringApplication.refresh(SpringApplication.java:752) ~[spring-boot-3.5.10.jar:3.5.10]
	at org.springframework.boot.SpringApplication.refreshContext(SpringApplication.java:439) ~[spring-boot-3.5.10.jar:3.5.10]
	at org.springframework.boot.SpringApplication.run(SpringApplication.java:318) ~[spring-boot-3.5.10.jar:3.5.10]
	at org.springframework.boot.SpringApplication.run(SpringApplication.java:1361) ~[spring-boot-3.5.10.jar:3.5.10]
	at org.springframework.boot.SpringApplication.run(SpringApplication.java:1350) ~[spring-boot-3.5.10.jar:3.5.10]
	at com.acadschedule.scheduler.SchedulerApplication.main(SchedulerApplication.java:15) ~[classes/:na]
Caused by: org.postgresql.util.PSQLException: ERROR: insert or update on table "faculty_qualifications" violates foreign key constraint "fk3nov2n8m5xhhnclps6smcayrd"
  Detail: Key (faculty_id)=(3) is not present in table "faculty".
	at org.postgresql.core.v3.QueryExecutorImpl.receiveErrorResponse(QueryExecutorImpl.java:2846) ~[postgresql-42.7.9.jar:42.7.9]
	at org.postgresql.core.v3.QueryExecutorImpl.processResults(QueryExecutorImpl.java:2531) ~[postgresql-42.7.9.jar:42.7.9]
	at org.postgresql.core.v3.QueryExecutorImpl.execute(QueryExecutorImpl.java:429) ~[postgresql-42.7.9.jar:42.7.9]
	at org.postgresql.jdbc.PgStatement.executeInternal(PgStatement.java:526) ~[postgresql-42.7.9.jar:42.7.9]
	at org.postgresql.jdbc.PgStatement.execute(PgStatement.java:436) ~[postgresql-42.7.9.jar:42.7.9]
	at org.postgresql.jdbc.PgStatement.executeWithFlags(PgStatement.java:358) ~[postgresql-42.7.9.jar:42.7.9]
	at org.postgresql.jdbc.PgStatement.executeCachedSql(PgStatement.java:343) ~[postgresql-42.7.9.jar:42.7.9]
	at org.postgresql.jdbc.PgStatement.executeWithFlags(PgStatement.java:319) ~[postgresql-42.7.9.jar:42.7.9]
	at org.postgresql.jdbc.PgStatement.execute(PgStatement.java:314) ~[postgresql-42.7.9.jar:42.7.9]
	at com.zaxxer.hikari.pool.ProxyStatement.execute(ProxyStatement.java:95) ~[HikariCP-6.3.3.jar:na]
	at com.zaxxer.hikari.pool.HikariProxyStatement.execute(HikariProxyStatement.java) ~[HikariCP-6.3.3.jar:na]
	at org.hibernate.tool.schema.internal.exec.GenerationTargetToDatabase.accept(GenerationTargetToDatabase.java:80) ~[hibernate-core-6.6.41.Final.jar:6.6.41.Final]
	... 36 common frames omitted

Hibernate: alter table if exists room_equipment add constraint FKiyhaivc7it7c8go6ursatnvte foreign key (room_id) references rooms
2026-02-04T01:04:20.261+05:30  WARN 12488 --- [scheduler] [           main] o.h.t.s.i.ExceptionHandlerLoggedImpl     : GenerationTarget encountered exception accepting command : Error executing DDL "alter table if exists room_equipment add constraint FKiyhaivc7it7c8go6ursatnvte foreign key (room_id) references rooms" via JDBC [ERROR: insert or update on table "room_equipment" violates foreign key constraint "fkiyhaivc7it7c8go6ursatnvte"
  Detail: Key (room_id)=(4) is not present in table "rooms".]

org.hibernate.tool.schema.spi.CommandAcceptanceException: Error executing DDL "alter table if exists room_equipment add constraint FKiyhaivc7it7c8go6ursatnvte foreign key (room_id) references rooms" via JDBC [ERROR: insert or update on table "room_equipment" violates foreign key constraint "fkiyhaivc7it7c8go6ursatnvte"
  Detail: Key (room_id)=(4) is not present in table "rooms".]
	at org.hibernate.tool.schema.internal.exec.GenerationTargetToDatabase.accept(GenerationTargetToDatabase.java:94) ~[hibernate-core-6.6.41.Final.jar:6.6.41.Final]
	at org.hibernate.tool.schema.internal.AbstractSchemaMigrator.applySqlString(AbstractSchemaMigrator.java:576) ~[hibernate-core-6.6.41.Final.jar:6.6.41.Final]
	at org.hibernate.tool.schema.internal.AbstractSchemaMigrator.applySqlStrings(AbstractSchemaMigrator.java:516) ~[hibernate-core-6.6.41.Final.jar:6.6.41.Final]
	at org.hibernate.tool.schema.internal.AbstractSchemaMigrator.applyForeignKeys(AbstractSchemaMigrator.java:448) ~[hibernate-core-6.6.41.Final.jar:6.6.41.Final]
	at org.hibernate.tool.schema.internal.AbstractSchemaMigrator.performMigration(AbstractSchemaMigrator.java:269) ~[hibernate-core-6.6.41.Final.jar:6.6.41.Final]
	at org.hibernate.tool.schema.internal.AbstractSchemaMigrator.doMigration(AbstractSchemaMigrator.java:112) ~[hibernate-core-6.6.41.Final.jar:6.6.41.Final]
	at org.hibernate.tool.schema.spi.SchemaManagementToolCoordinator.performDatabaseAction(SchemaManagementToolCoordinator.java:280) ~[hibernate-core-6.6.41.Final.jar:6.6.41.Final]
	at org.hibernate.tool.schema.spi.SchemaManagementToolCoordinator.lambda$process$5(SchemaManagementToolCoordinator.java:144) ~[hibernate-core-6.6.41.Final.jar:6.6.41.Final]
	at java.base/java.util.HashMap.forEach(HashMap.java:1429) ~[na:na]
	at org.hibernate.tool.schema.spi.SchemaManagementToolCoordinator.process(SchemaManagementToolCoordinator.java:141) ~[hibernate-core-6.6.41.Final.jar:6.6.41.Final]
	at org.hibernate.boot.internal.SessionFactoryObserverForSchemaExport.sessionFactoryCreated(SessionFactoryObserverForSchemaExport.java:37) ~[hibernate-core-6.6.41.Final.jar:6.6.41.Final]
	at org.hibernate.internal.SessionFactoryObserverChain.sessionFactoryCreated(SessionFactoryObserverChain.java:35) ~[hibernate-core-6.6.41.Final.jar:6.6.41.Final]
	at org.hibernate.internal.SessionFactoryImpl.<init>(SessionFactoryImpl.java:324) ~[hibernate-core-6.6.41.Final.jar:6.6.41.Final]
	at org.hibernate.boot.internal.SessionFactoryBuilderImpl.build(SessionFactoryBuilderImpl.java:463) ~[hibernate-core-6.6.41.Final.jar:6.6.41.Final]
	at org.hibernate.jpa.boot.internal.EntityManagerFactoryBuilderImpl.build(EntityManagerFactoryBuilderImpl.java:1517) ~[hibernate-core-6.6.41.Final.jar:6.6.41.Final]
	at org.springframework.orm.jpa.vendor.SpringHibernateJpaPersistenceProvider.createContainerEntityManagerFactory(SpringHibernateJpaPersistenceProvider.java:66) ~[spring-orm-6.2.15.jar:6.2.15]
	at org.springframework.orm.jpa.LocalContainerEntityManagerFactoryBean.createNativeEntityManagerFactory(LocalContainerEntityManagerFactoryBean.java:390) ~[spring-orm-6.2.15.jar:6.2.15]
	at org.springframework.orm.jpa.AbstractEntityManagerFactoryBean.buildNativeEntityManagerFactory(AbstractEntityManagerFactoryBean.java:419) ~[spring-orm-6.2.15.jar:6.2.15]
	at org.springframework.orm.jpa.AbstractEntityManagerFactoryBean.afterPropertiesSet(AbstractEntityManagerFactoryBean.java:400) ~[spring-orm-6.2.15.jar:6.2.15]
	at org.springframework.orm.jpa.LocalContainerEntityManagerFactoryBean.afterPropertiesSet(LocalContainerEntityManagerFactoryBean.java:366) ~[spring-orm-6.2.15.jar:6.2.15]
	at org.springframework.beans.factory.support.AbstractAutowireCapableBeanFactory.invokeInitMethods(AbstractAutowireCapableBeanFactory.java:1873) ~[spring-beans-6.2.15.jar:6.2.15]
	at org.springframework.beans.factory.support.AbstractAutowireCapableBeanFactory.initializeBean(AbstractAutowireCapableBeanFactory.java:1822) ~[spring-beans-6.2.15.jar:6.2.15]
	at org.springframework.beans.factory.support.AbstractAutowireCapableBeanFactory.doCreateBean(AbstractAutowireCapableBeanFactory.java:607) ~[spring-beans-6.2.15.jar:6.2.15]
	at org.springframework.beans.factory.support.AbstractAutowireCapableBeanFactory.createBean(AbstractAutowireCapableBeanFactory.java:529) ~[spring-beans-6.2.15.jar:6.2.15]
	at org.springframework.beans.factory.support.AbstractBeanFactory.lambda$doGetBean$0(AbstractBeanFactory.java:339) ~[spring-beans-6.2.15.jar:6.2.15]
	at org.springframework.beans.factory.support.DefaultSingletonBeanRegistry.getSingleton(DefaultSingletonBeanRegistry.java:373) ~[spring-beans-6.2.15.jar:6.2.15]
	at org.springframework.beans.factory.support.AbstractBeanFactory.doGetBean(AbstractBeanFactory.java:337) ~[spring-beans-6.2.15.jar:6.2.15]
	at org.springframework.beans.factory.support.AbstractBeanFactory.getBean(AbstractBeanFactory.java:207) ~[spring-beans-6.2.15.jar:6.2.15]
	at org.springframework.context.support.AbstractApplicationContext.finishBeanFactoryInitialization(AbstractApplicationContext.java:973) ~[spring-context-6.2.15.jar:6.2.15]
	at org.springframework.context.support.AbstractApplicationContext.refresh(AbstractApplicationContext.java:627) ~[spring-context-6.2.15.jar:6.2.15]
	at org.springframework.boot.web.servlet.context.ServletWebServerApplicationContext.refresh(ServletWebServerApplicationContext.java:146) ~[spring-boot-3.5.10.jar:3.5.10]
	at org.springframework.boot.SpringApplication.refresh(SpringApplication.java:752) ~[spring-boot-3.5.10.jar:3.5.10]
	at org.springframework.boot.SpringApplication.refreshContext(SpringApplication.java:439) ~[spring-boot-3.5.10.jar:3.5.10]
	at org.springframework.boot.SpringApplication.run(SpringApplication.java:318) ~[spring-boot-3.5.10.jar:3.5.10]
	at org.springframework.boot.SpringApplication.run(SpringApplication.java:1361) ~[spring-boot-3.5.10.jar:3.5.10]
	at org.springframework.boot.SpringApplication.run(SpringApplication.java:1350) ~[spring-boot-3.5.10.jar:3.5.10]
	at com.acadschedule.scheduler.SchedulerApplication.main(SchedulerApplication.java:15) ~[classes/:na]
Caused by: org.postgresql.util.PSQLException: ERROR: insert or update on table "room_equipment" violates foreign key constraint "fkiyhaivc7it7c8go6ursatnvte"
  Detail: Key (room_id)=(4) is not present in table "rooms".
	at org.postgresql.core.v3.QueryExecutorImpl.receiveErrorResponse(QueryExecutorImpl.java:2846) ~[postgresql-42.7.9.jar:42.7.9]
	at org.postgresql.core.v3.QueryExecutorImpl.processResults(QueryExecutorImpl.java:2531) ~[postgresql-42.7.9.jar:42.7.9]
	at org.postgresql.core.v3.QueryExecutorImpl.execute(QueryExecutorImpl.java:429) ~[postgresql-42.7.9.jar:42.7.9]
	at org.postgresql.jdbc.PgStatement.executeInternal(PgStatement.java:526) ~[postgresql-42.7.9.jar:42.7.9]
	at org.postgresql.jdbc.PgStatement.execute(PgStatement.java:436) ~[postgresql-42.7.9.jar:42.7.9]
	at org.postgresql.jdbc.PgStatement.executeWithFlags(PgStatement.java:358) ~[postgresql-42.7.9.jar:42.7.9]
	at org.postgresql.jdbc.PgStatement.executeCachedSql(PgStatement.java:343) ~[postgresql-42.7.9.jar:42.7.9]
	at org.postgresql.jdbc.PgStatement.executeWithFlags(PgStatement.java:319) ~[postgresql-42.7.9.jar:42.7.9]
	at org.postgresql.jdbc.PgStatement.execute(PgStatement.java:314) ~[postgresql-42.7.9.jar:42.7.9]
	at com.zaxxer.hikari.pool.ProxyStatement.execute(ProxyStatement.java:95) ~[HikariCP-6.3.3.jar:na]
	at com.zaxxer.hikari.pool.HikariProxyStatement.execute(HikariProxyStatement.java) ~[HikariCP-6.3.3.jar:na]
	at org.hibernate.tool.schema.internal.exec.GenerationTargetToDatabase.accept(GenerationTargetToDatabase.java:80) ~[hibernate-core-6.6.41.Final.jar:6.6.41.Final]
	... 36 common frames omitted

2026-02-04T01:04:20.282+05:30  INFO 12488 --- [scheduler] [           main] j.LocalContainerEntityManagerFactoryBean : Initialized JPA EntityManagerFactory for persistence unit 'default'
2026-02-04T01:04:20.547+05:30  WARN 12488 --- [scheduler] [           main] JpaBaseConfiguration$JpaWebConfiguration : spring.jpa.open-in-view is enabled by default. Therefore, database queries may be performed during view rendering. Explicitly configure spring.jpa.open-in-view to disable this warning
2026-02-04T01:04:20.567+05:30  WARN 12488 --- [scheduler] [           main] .s.s.UserDetailsServiceAutoConfiguration : 

Using generated security password: 5fe4489e-69f7-4160-879c-71c94f1ab197

This generated password is for development use only. Your security configuration must be updated before running your application in production.

2026-02-04T01:04:20.573+05:30  INFO 12488 --- [scheduler] [           main] r$InitializeUserDetailsManagerConfigurer : Global AuthenticationManager configured with UserDetailsService bean with name inMemoryUserDetailsManager
2026-02-04T01:04:21.044+05:30  INFO 12488 --- [scheduler] [           main] .w.s.a.s.AnnotationActionEndpointMapping : Supporting [WS-Addressing August 2004, WS-Addressing 1.0]
2026-02-04T01:04:21.087+05:30  INFO 12488 --- [scheduler] [           main] o.s.b.w.embedded.tomcat.TomcatWebServer  : Tomcat started on port 8082 (http) with context path '/'
2026-02-04T01:04:21.093+05:30  INFO 12488 --- [scheduler] [           main] c.a.scheduler.SchedulerApplication       : Started SchedulerApplication in 4.053 seconds (process running for 4.312)
Hibernate: select count(*) from announcement a1_0
Hibernate: select count(*) from faculty f1_0
>>> Backend started. Total faculty in database: 2
2026-02-04T01:05:24.596+05:30  INFO 12488 --- [scheduler] [nio-8082-exec-1] o.a.c.c.C.[Tomcat].[localhost].[/]       : Initializing Spring DispatcherServlet 'dispatcherServlet'
2026-02-04T01:05:24.596+05:30  INFO 12488 --- [scheduler] [nio-8082-exec-1] o.s.web.servlet.DispatcherServlet        : Initializing Servlet 'dispatcherServlet'
2026-02-04T01:05:24.599+05:30  INFO 12488 --- [scheduler] [nio-8082-exec-1] o.s.web.servlet.DispatcherServlet        : Completed initialization in 3 ms
Hibernate: select lr1_0.id,lr1_0.applied_date,lr1_0.end_date,lr1_0.faculty_id,lr1_0.faculty_name,lr1_0.leave_type,lr1_0.reason,lr1_0.start_date,lr1_0.status from leave_request lr1_0
Hibernate: select f1_0.id,f1_0.active,f1_0.department,f1_0.designation,f1_0.email,f1_0.employee_id,f1_0.max_hours_per_day,f1_0.max_hours_per_week,f1_0.name,f1_0.specialization from faculty f1_0 where f1_0.id=?
Hibernate: select q1_0.faculty_id,q1_0.qualifications from faculty_qualifications q1_0 where q1_0.faculty_id=?
Hibernate: select es1_0.faculty_id,es1_0.eligible_subjects from faculty_eligible_subjects es1_0 where es1_0.faculty_id=?
Hibernate: select f1_0.id,f1_0.active,f1_0.department,f1_0.designation,f1_0.email,f1_0.employee_id,f1_0.max_hours_per_day,f1_0.max_hours_per_week,f1_0.name,f1_0.specialization from faculty f1_0
Hibernate: select q1_0.faculty_id,q1_0.qualifications from faculty_qualifications q1_0 where q1_0.faculty_id=?
Hibernate: select es1_0.faculty_id,es1_0.eligible_subjects from faculty_eligible_subjects es1_0 where es1_0.faculty_id=?
Hibernate: select q1_0.faculty_id,q1_0.qualifications from faculty_qualifications q1_0 where q1_0.faculty_id=?
Hibernate: select es1_0.faculty_id,es1_0.eligible_subjects from faculty_eligible_subjects es1_0 where es1_0.faculty_id=?
Hibernate: select s1_0.id,s1_0.code,s1_0.credits,s1_0.department,s1_0.elective,s1_0.faculty_count,s1_0.lab_hours_per_week,s1_0.lecture_hours_per_week,s1_0.name,s1_0.tutorial_hours_per_week from subjects s1_0
Hibernate: select ef1_0.subject_id,ef1_0.eligible_faculty from subject_eligible_faculty ef1_0 where ef1_0.subject_id=?
Hibernate: select ef1_0.subject_id,ef1_0.eligible_faculty from subject_eligible_faculty ef1_0 where ef1_0.subject_id=?
Hibernate: select r1_0.id,r1_0.active,r1_0.building,r1_0.capacity,r1_0.code,r1_0.floor,r1_0.name,r1_0.status,r1_0.type,r1_0.wheelchair_accessible from rooms r1_0
Hibernate: select e1_0.room_id,e1_0.equipment from room_equipment e1_0 where e1_0.room_id=?
Hibernate: select e1_0.room_id,e1_0.equipment from room_equipment e1_0 where e1_0.room_id=?
Hibernate: select e1_0.room_id,e1_0.equipment from room_equipment e1_0 where e1_0.room_id=?
Hibernate: select f1_0.id,f1_0.active,f1_0.department,f1_0.designation,f1_0.email,f1_0.employee_id,f1_0.max_hours_per_day,f1_0.max_hours_per_week,f1_0.name,f1_0.specialization from faculty f1_0 where f1_0.id=?
Hibernate: select q1_0.faculty_id,q1_0.qualifications from faculty_qualifications q1_0 where q1_0.faculty_id=?
Hibernate: select es1_0.faculty_id,es1_0.eligible_subjects from faculty_eligible_subjects es1_0 where es1_0.faculty_id=?
Hibernate: insert into leave_request (applied_date,end_date,faculty_id,faculty_name,leave_type,reason,start_date,status) values (?,?,?,?,?,?,?,?)
Hibernate: select lr1_0.id,lr1_0.applied_date,lr1_0.end_date,lr1_0.faculty_id,lr1_0.faculty_name,lr1_0.leave_type,lr1_0.reason,lr1_0.start_date,lr1_0.status from leave_request lr1_0
Hibernate: select f1_0.id,f1_0.active,f1_0.department,f1_0.designation,f1_0.email,f1_0.employee_id,f1_0.max_hours_per_day,f1_0.max_hours_per_week,f1_0.name,f1_0.specialization from faculty f1_0
Hibernate: select q1_0.faculty_id,q1_0.qualifications from faculty_qualifications q1_0 where q1_0.faculty_id=?
Hibernate: select es1_0.faculty_id,es1_0.eligible_subjects from faculty_eligible_subjects es1_0 where es1_0.faculty_id=?
Hibernate: select q1_0.faculty_id,q1_0.qualifications from faculty_qualifications q1_0 where q1_0.faculty_id=?
Hibernate: select es1_0.faculty_id,es1_0.eligible_subjects from faculty_eligible_subjects es1_0 where es1_0.faculty_id=?
Hibernate: select s1_0.id,s1_0.code,s1_0.credits,s1_0.department,s1_0.elective,s1_0.faculty_count,s1_0.lab_hours_per_week,s1_0.lecture_hours_per_week,s1_0.name,s1_0.tutorial_hours_per_week from subjects s1_0
Hibernate: select ef1_0.subject_id,ef1_0.eligible_faculty from subject_eligible_faculty ef1_0 where ef1_0.subject_id=?
Hibernate: select ef1_0.subject_id,ef1_0.eligible_faculty from subject_eligible_faculty ef1_0 where ef1_0.subject_id=?
Hibernate: select r1_0.id,r1_0.active,r1_0.building,r1_0.capacity,r1_0.code,r1_0.floor,r1_0.name,r1_0.status,r1_0.type,r1_0.wheelchair_accessible from rooms r1_0
Hibernate: select e1_0.room_id,e1_0.equipment from room_equipment e1_0 where e1_0.room_id=?
Hibernate: select e1_0.room_id,e1_0.equipment from room_equipment e1_0 where e1_0.room_id=?
Hibernate: select e1_0.room_id,e1_0.equipment from room_equipment e1_0 where e1_0.room_id=?
Hibernate: select c1_0.id,c1_0.active,c1_0.description,c1_0.name,c1_0.parameters,c1_0.priority,c1_0.type from constraints c1_0
Hibernate: select f1_0.id,f1_0.active,f1_0.department,f1_0.designation,f1_0.email,f1_0.employee_id,f1_0.max_hours_per_day,f1_0.max_hours_per_week,f1_0.name,f1_0.specialization from faculty f1_0
Hibernate: select q1_0.faculty_id,q1_0.qualifications from faculty_qualifications q1_0 where q1_0.faculty_id=?
Hibernate: select es1_0.faculty_id,es1_0.eligible_subjects from faculty_eligible_subjects es1_0 where es1_0.faculty_id=?
Hibernate: select q1_0.faculty_id,q1_0.qualifications from faculty_qualifications q1_0 where q1_0.faculty_id=?
Hibernate: select es1_0.faculty_id,es1_0.eligible_subjects from faculty_eligible_subjects es1_0 where es1_0.faculty_id=?
Hibernate: select f1_0.id,f1_0.active,f1_0.department,f1_0.designation,f1_0.email,f1_0.employee_id,f1_0.max_hours_per_day,f1_0.max_hours_per_week,f1_0.name,f1_0.specialization from faculty f1_0 where f1_0.id=?
Hibernate: delete from faculty_eligible_subjects where faculty_id=?
Hibernate: delete from faculty_qualifications where faculty_id=?
Hibernate: insert into faculty_eligible_subjects (faculty_id,eligible_subjects) values (?,?)
Hibernate: insert into faculty_eligible_subjects (faculty_id,eligible_subjects) values (?,?)
Hibernate: insert into faculty_eligible_subjects (faculty_id,eligible_subjects) values (?,?)
Hibernate: insert into faculty_qualifications (faculty_id,qualifications) values (?,?)
Hibernate: insert into faculty_qualifications (faculty_id,qualifications) values (?,?)
Hibernate: insert into faculty_qualifications (faculty_id,qualifications) values (?,?)
Hibernate: select f1_0.id,f1_0.active,f1_0.department,f1_0.designation,f1_0.email,f1_0.employee_id,f1_0.max_hours_per_day,f1_0.max_hours_per_week,f1_0.name,f1_0.specialization from faculty f1_0
Hibernate: select q1_0.faculty_id,q1_0.qualifications from faculty_qualifications q1_0 where q1_0.faculty_id=?
Hibernate: select es1_0.faculty_id,es1_0.eligible_subjects from faculty_eligible_subjects es1_0 where es1_0.faculty_id=?
Hibernate: select q1_0.faculty_id,q1_0.qualifications from faculty_qualifications q1_0 where q1_0.faculty_id=?
Hibernate: select es1_0.faculty_id,es1_0.eligible_subjects from faculty_eligible_subjects es1_0 where es1_0.faculty_id=?
Hibernate: select f1_0.id,f1_0.active,f1_0.department,f1_0.designation,f1_0.email,f1_0.employee_id,f1_0.max_hours_per_day,f1_0.max_hours_per_week,f1_0.name,f1_0.specialization from faculty f1_0
Hibernate: select q1_0.faculty_id,q1_0.qualifications from faculty_qualifications q1_0 where q1_0.faculty_id=?
Hibernate: select es1_0.faculty_id,es1_0.eligible_subjects from faculty_eligible_subjects es1_0 where es1_0.faculty_id=?
Hibernate: select q1_0.faculty_id,q1_0.qualifications from faculty_qualifications q1_0 where q1_0.faculty_id=?
Hibernate: select es1_0.faculty_id,es1_0.eligible_subjects from faculty_eligible_subjects es1_0 where es1_0.faculty_id=?
Hibernate: select lr1_0.id,lr1_0.applied_date,lr1_0.end_date,lr1_0.faculty_id,lr1_0.faculty_name,lr1_0.leave_type,lr1_0.reason,lr1_0.start_date,lr1_0.status from leave_request lr1_0
Hibernate: select lr1_0.id,lr1_0.applied_date,lr1_0.end_date,lr1_0.faculty_id,lr1_0.faculty_name,lr1_0.leave_type,lr1_0.reason,lr1_0.start_date,lr1_0.status from leave_request lr1_0 where lr1_0.id=?
Hibernate: update leave_request set applied_date=?,end_date=?,faculty_id=?,faculty_name=?,leave_type=?,reason=?,start_date=?,status=? where id=?
Hibernate: select lr1_0.id,lr1_0.applied_date,lr1_0.end_date,lr1_0.faculty_id,lr1_0.faculty_name,lr1_0.leave_type,lr1_0.reason,lr1_0.start_date,lr1_0.status from leave_request lr1_0
Hibernate: select f1_0.id,f1_0.active,f1_0.department,f1_0.designation,f1_0.email,f1_0.employee_id,f1_0.max_hours_per_day,f1_0.max_hours_per_week,f1_0.name,f1_0.specialization from faculty f1_0 where f1_0.id=?
Hibernate: select q1_0.faculty_id,q1_0.qualifications from faculty_qualifications q1_0 where q1_0.faculty_id=?
Hibernate: select es1_0.faculty_id,es1_0.eligible_subjects from faculty_eligible_subjects es1_0 where es1_0.faculty_id=?
Hibernate: select lr1_0.id,lr1_0.applied_date,lr1_0.end_date,lr1_0.faculty_id,lr1_0.faculty_name,lr1_0.leave_type,lr1_0.reason,lr1_0.start_date,lr1_0.status from leave_request lr1_0 where lr1_0.faculty_id=?
Hibernate: select f1_0.id,f1_0.active,f1_0.department,f1_0.designation,f1_0.email,f1_0.employee_id,f1_0.max_hours_per_day,f1_0.max_hours_per_week,f1_0.name,f1_0.specialization from faculty f1_0 where f1_0.id=?
Hibernate: select q1_0.faculty_id,q1_0.qualifications from faculty_qualifications q1_0 where q1_0.faculty_id=?
Hibernate: select es1_0.faculty_id,es1_0.eligible_subjects from faculty_eligible_subjects es1_0 where es1_0.faculty_id=?
Hibernate: select lr1_0.id,lr1_0.applied_date,lr1_0.end_date,lr1_0.faculty_id,lr1_0.faculty_name,lr1_0.leave_type,lr1_0.reason,lr1_0.start_date,lr1_0.status from leave_request lr1_0
Hibernate: select lr1_0.id,lr1_0.applied_date,lr1_0.end_date,lr1_0.faculty_id,lr1_0.faculty_name,lr1_0.leave_type,lr1_0.reason,lr1_0.start_date,lr1_0.status from leave_request lr1_0
[INFO] ------------------------------------------------------------------------
[INFO] BUILD FAILURE
[INFO] ------------------------------------------------------------------------
[INFO] Total time:  12:49 min
[INFO] Finished at: 2026-02-04T01:17:02+05:30
[INFO] ------------------------------------------------------------------------
[ERROR] Failed to execute goal org.springframework.boot:spring-boot-maven-plugin:3.5.10:run (default-cli) on project scheduler: Process terminated with exit code: 1 -> [Help 1]
[ERROR] 
[ERROR] To see the full stack trace of the errors, re-run Maven with the -e switch.
[ERROR] Re-run Maven using the -X switch to enable full debug logging.
[ERROR] 
[ERROR] For more information about the errors and possible solutions, please read the following articles:
[ERROR] [Help 1] http://cwiki.apache.org/confluence/display/MAVEN/MojoExecutionException
